<?xml version="1.0" encoding="UTF-8"?>
<!-- Generated by org.testng.reporters.JUnitReportReporter -->
<testsuite hostname="LAPTOP-H1L9KFJV" failures="0" tests="3" name="seleniumSS.TestNG" time="0.025" errors="0" timestamp="2025-05-10T23:51:38 EEST" skipped="0">
  <testcase classname="seleniumSS.TestNG" name="UserCanBuy" time="0.006"/>
  <testcase classname="seleniumSS.TestNG" name="GetUrlCorrectly" time="0.011"/>
  <testcase classname="seleniumSS.TestNG" name="GetBTitle" time="0.008"/>
</testsuite> <!-- seleniumSS.TestNG -->
