<?xml version="1.0" encoding="UTF-8"?>
<!-- Generated by org.testng.reporters.JUnitReportReporter -->
<testsuite hostname="LAPTOP-H1L9KFJV" failures="0" tests="2" name="seleniumSS.TestNG2" time="0.012" errors="0" timestamp="2025-05-10T15:16:25 EEST" skipped="0">
  <testcase classname="seleniumSS.TestNG2" name="GetUrlCorrectly" time="0.006"/>
  <testcase classname="seleniumSS.TestNG2" name="GetTitle" time="0.006"/>
</testsuite> <!-- seleniumSS.TestNG2 -->
