<?xml version="1.0" encoding="UTF-8"?>
<!-- Generated by org.testng.reporters.JUnitReportReporter -->
<testsuite hostname="LAPTOP-H1L9KFJV" failures="0" tests="1" name="seleniumSS.AssertionsTest" time="2.193" errors="0" timestamp="2025-05-10T23:56:58 EEST" skipped="0">
  <testcase classname="seleniumSS.AssertionsTest" name="GetUrl" time="2.193"/>
</testsuite> <!-- seleniumSS.AssertionsTest -->
