<?xml version="1.0" encoding="UTF-8"?>
<!-- Generated by org.testng.reporters.JUnitReportReporter -->
<testsuite hostname="LAPTOP-H1L9KFJV" failures="0" tests="1" name="seleniumSS.QacartPage" time="0.032" errors="0" timestamp="2025-05-13T00:44:50 EEST" skipped="0">
  <testcase classname="seleniumSS.QacartPage" name="FindElementByXpath" time="0.032"/>
</testsuite> <!-- seleniumSS.QacartPage -->
